2025-01-01 17:57:00 | DEBUG | repo=Web_Library | action=test | passed=true
2025-11-24 11:13:00 | INFO | repo=Web_Library | action=commit
2025-08-10 17:34:00 | WARN | repo=Web_Library | action=commit
2025-05-10 11:37:00 | INFO | repo=Web_Library | action=commit
2025-03-08 13:27:00 | DEBUG | repo=Web_Library | action=commit
2025-10-24 18:48:00 | INFO | repo=Web_Library | action=commit
2025-10-16 08:32:00 | DEBUG | repo=Web_Library | action=commit
2025-04-23 16:15:00 | DEBUG | repo=Web_Library | action=commit
2025-11-08 15:47:00 | WARN | repo=Web_Library | action=commit
2025-12-02 13:20:00 | WARN | repo=Web_Library | action=pull
2025-12-10 08:06:00 | DEBUG | repo=Web_Library | action=commit
2025-08-06 08:11:00 | DEBUG | repo=Web_Library | action=commit
2025-09-21 17:44:00 | WARN | repo=Web_Library | action=commit
2025-07-19 13:15:00 | INFO | repo=Web_Library | action=commit
2025-10-19 12:56:00 | DEBUG | repo=Web_Library | action=pull
2025-04-04 20:23:00 | DEBUG | repo=Web_Library | action=edit | files=3
2025-10-19 20:09:00 | DEBUG | repo=Web_Library | action=commit
2025-07-15 21:37:00 | INFO | repo=Web_Library | action=commit
2025-09-10 18:11:00 | DEBUG | repo=Web_Library | action=commit
2025-12-04 19:07:00 | DEBUG | repo=Web_Library | action=commit
2025-05-21 12:24:00 | DEBUG | repo=Web_Library | action=commit
2025-11-06 15:24:00 | WARN | repo=Web_Library | action=test | passed=true
2025-11-04 18:36:00 | DEBUG | repo=Web_Library | action=commit
2025-05-02 16:56:00 | INFO | repo=Web_Library | action=commit
2025-02-09 20:53:00 | WARN | repo=Web_Library | action=test | passed=true
2025-11-08 11:18:00 | WARN | repo=Web_Library | action=commit
2025-09-15 13:33:00 | DEBUG | repo=Web_Library | action=edit | files=2
2025-10-02 21:23:00 | DEBUG | repo=Web_Library | action=commit
2025-01-18 16:32:00 | WARN | repo=Web_Library | action=commit
2025-01-05 21:54:00 | INFO | repo=Web_Library | action=commit
2025-06-06 15:11:00 | INFO | repo=Web_Library | action=commit
2025-06-11 09:20:00 | INFO | repo=Web_Library | action=commit
2025-10-03 13:23:00 | WARN | repo=Web_Library | action=pull
2025-02-13 10:49:00 | DEBUG | repo=Web_Library | action=edit | files=4
2025-11-22 10:05:00 | WARN | repo=Web_Library | action=pull
2025-03-15 19:14:00 | WARN | repo=Web_Library | action=commit
2025-12-14 19:55:00 | WARN | repo=Web_Library | action=commit
2025-09-17 07:32:00 | WARN | repo=Web_Library | action=commit
2025-01-16 11:57:00 | WARN | repo=Web_Library | action=edit | files=5
2025-04-07 08:49:00 | INFO | repo=Web_Library | action=commit
2025-02-15 08:02:00 | INFO | repo=Web_Library | action=commit
2025-05-13 16:53:00 | DEBUG | repo=Web_Library | action=commit
2025-04-23 13:36:00 | INFO | repo=Web_Library | action=commit
2025-06-10 15:25:00 | DEBUG | repo=Web_Library | action=commit
2025-06-24 15:57:00 | WARN | repo=Web_Library | action=commit
2025-11-28 10:51:00 | INFO | repo=Web_Library | action=commit
2025-07-28 14:31:00 | INFO | repo=Web_Library | action=commit
2025-04-12 20:25:00 | WARN | repo=Web_Library | action=commit
2025-02-05 07:10:00 | INFO | repo=Web_Library | action=commit
2025-11-04 12:03:00 | DEBUG | repo=Web_Library | action=commit
2025-12-06 14:11:00 | WARN | repo=Web_Library | action=test | passed=true
2025-07-11 08:21:00 | INFO | repo=Web_Library | action=test | passed=true
2025-02-08 14:34:00 | WARN | repo=Web_Library | action=commit
2025-12-15 21:08:00 | INFO | repo=Web_Library | action=commit
2025-07-01 17:09:00 | INFO | repo=Web_Library | action=commit
2025-12-19 17:23:00 | DEBUG | repo=Web_Library | action=commit
2025-04-01 15:45:00 | INFO | repo=Web_Library | action=test | passed=true
2025-07-25 17:29:00 | WARN | repo=Web_Library | action=commit
2025-02-24 13:18:00 | DEBUG | repo=Web_Library | action=commit
2025-10-02 15:04:00 | DEBUG | repo=Web_Library | action=test | passed=true
2025-08-08 10:01:00 | INFO | repo=Web_Library | action=test | passed=true
2025-11-01 21:41:00 | INFO | repo=Web_Library | action=pull
2025-01-11 13:58:00 | WARN | repo=Web_Library | action=commit
2025-08-18 21:52:00 | INFO | repo=Web_Library | action=commit
2025-07-28 09:02:00 | DEBUG | repo=Web_Library | action=commit
2025-11-04 11:50:00 | WARN | repo=Web_Library | action=commit
2025-04-07 17:13:00 | DEBUG | repo=Web_Library | action=commit
2025-10-07 16:41:00 | WARN | repo=Web_Library | action=edit | files=1
2025-12-08 19:20:00 | WARN | repo=Web_Library | action=commit
2025-10-16 08:30:00 | INFO | repo=Web_Library | action=commit
2025-09-17 20:46:00 | DEBUG | repo=Web_Library | action=edit | files=4
2025-01-21 20:47:00 | INFO | repo=Web_Library | action=pull
2025-12-10 19:02:00 | WARN | repo=Web_Library | action=commit
2025-02-11 07:30:00 | INFO | repo=Web_Library | action=commit
2025-05-10 11:13:00 | WARN | repo=Web_Library | action=commit
2025-08-07 13:52:00 | INFO | repo=Web_Library | action=commit
2025-12-04 15:31:00 | INFO | repo=Web_Library | action=commit
2025-01-13 18:32:00 | DEBUG | repo=Web_Library | action=test | passed=true
2025-09-07 17:10:00 | INFO | repo=Web_Library | action=commit
2025-12-18 14:18:00 | WARN | repo=Web_Library | action=commit
2025-11-16 07:12:00 | WARN | repo=Web_Library | action=commit
2025-12-21 14:55:00 | INFO | repo=Web_Library | action=test | passed=true
2025-04-01 20:56:00 | INFO | repo=Web_Library | action=commit
2025-04-28 07:55:00 | DEBUG | repo=Web_Library | action=commit
2025-07-22 07:52:00 | DEBUG | repo=Web_Library | action=commit
2025-05-16 20:20:00 | INFO | repo=Web_Library | action=commit
2025-11-07 13:03:00 | INFO | repo=Web_Library | action=commit
2025-08-22 20:43:00 | WARN | repo=Web_Library | action=commit
2025-03-06 12:32:00 | DEBUG | repo=Web_Library | action=edit | files=2
2025-09-18 21:39:00 | DEBUG | repo=Web_Library | action=commit
2025-10-27 21:18:00 | INFO | repo=Web_Library | action=edit | files=5
2025-02-09 20:21:00 | INFO | repo=Web_Library | action=commit
2025-08-07 21:16:00 | WARN | repo=Web_Library | action=edit | files=2
2025-08-11 07:42:00 | DEBUG | repo=Web_Library | action=commit
2025-09-19 12:47:00 | INFO | repo=Web_Library | action=commit
2025-04-23 17:09:00 | WARN | repo=Web_Library | action=commit
2025-06-12 18:29:00 | INFO | repo=Web_Library | action=commit
2025-01-27 15:41:00 | WARN | repo=Web_Library | action=pull
2025-06-02 13:02:00 | INFO | repo=Web_Library | action=commit
2025-04-28 10:31:00 | DEBUG | repo=Web_Library | action=edit | files=2
2025-07-05 07:41:00 | INFO | repo=Web_Library | action=commit
2025-12-07 16:00:00 | DEBUG | repo=Web_Library | action=commit
2025-05-01 13:09:00 | INFO | repo=Web_Library | action=commit
2025-08-27 12:50:00 | INFO | repo=Web_Library | action=pull
2025-10-04 11:32:00 | WARN | repo=Web_Library | action=pull
2025-09-08 18:15:00 | INFO | repo=Web_Library | action=commit
2025-01-12 17:45:00 | DEBUG | repo=Web_Library | action=edit | files=5
2025-06-20 11:06:00 | DEBUG | repo=Web_Library | action=edit | files=2
2025-08-14 08:11:00 | DEBUG | repo=Web_Library | action=edit | files=3
2026-02-21 09:54:00 | WARN | repo=Web_Library | action=commit
2026-09-09 12:55:00 | WARN | repo=Web_Library | action=commit
2026-03-27 11:22:00 | WARN | repo=Web_Library | action=edit | files=4
2026-03-26 20:36:00 | DEBUG | repo=Web_Library | action=commit
2026-03-17 15:09:00 | WARN | repo=Web_Library | action=edit | files=2
2026-07-28 08:23:00 | DEBUG | repo=Web_Library | action=commit
2026-03-01 14:05:00 | INFO | repo=Web_Library | action=commit
2026-08-10 07:23:00 | DEBUG | repo=Web_Library | action=pull
2026-11-06 14:54:00 | INFO | repo=Web_Library | action=commit
2026-05-23 11:36:00 | INFO | repo=Web_Library | action=edit | files=3
2026-06-25 18:25:00 | WARN | repo=Web_Library | action=commit
2026-03-07 19:19:00 | INFO | repo=Web_Library | action=pull
2026-11-14 07:07:00 | DEBUG | repo=Web_Library | action=commit
2026-04-24 14:38:00 | WARN | repo=Web_Library | action=commit
2026-08-09 17:57:00 | WARN | repo=Web_Library | action=commit
2026-01-22 09:47:00 | WARN | repo=Web_Library | action=commit
2025-08-15 20:48:00 | DEBUG | repo=Web_Library | action=commit
2025-05-23 10:56:00 | DEBUG | repo=Web_Library | action=commit
2025-01-13 12:59:00 | INFO | repo=Web_Library | action=test | passed=true
2025-02-04 14:42:00 | INFO | repo=Web_Library | action=edit | files=2
2025-03-11 12:08:00 | DEBUG | repo=Web_Library | action=commit
2025-07-15 18:41:00 | INFO | repo=Web_Library | action=commit
2025-08-02 18:01:00 | INFO | repo=Web_Library | action=commit
2025-10-09 07:07:00 | WARN | repo=Web_Library | action=commit
2025-02-08 09:55:00 | DEBUG | repo=Web_Library | action=commit
2025-05-25 12:45:00 | INFO | repo=Web_Library | action=commit
2025-12-27 21:49:00 | WARN | repo=Web_Library | action=commit
2025-02-14 11:24:00 | WARN | repo=Web_Library | action=test | passed=true
2025-12-17 10:23:00 | DEBUG | repo=Web_Library | action=commit
2025-01-09 13:13:00 | WARN | repo=Web_Library | action=edit | files=2
2025-12-27 21:34:00 | DEBUG | repo=Web_Library | action=commit
2025-09-18 09:18:00 | INFO | repo=Web_Library | action=commit
2025-02-01 07:09:00 | WARN | repo=Web_Library | action=edit | files=2
2025-12-20 19:57:00 | DEBUG | repo=Web_Library | action=commit
2025-11-28 19:44:00 | WARN | repo=Web_Library | action=commit
2025-09-22 09:44:00 | WARN | repo=Web_Library | action=commit
2025-12-17 21:27:00 | DEBUG | repo=Web_Library | action=commit
2025-02-19 07:22:00 | INFO | repo=Web_Library | action=test | passed=true
2025-04-15 08:46:00 | WARN | repo=Web_Library | action=commit
2025-12-05 17:12:00 | DEBUG | repo=Web_Library | action=test | passed=true
2025-04-10 13:15:00 | WARN | repo=Web_Library | action=pull
2025-11-18 19:32:00 | DEBUG | repo=Web_Library | action=commit
2025-12-14 20:19:00 | WARN | repo=Web_Library | action=commit
2025-04-23 18:41:00 | WARN | repo=Web_Library | action=commit
2025-06-06 08:11:00 | WARN | repo=Web_Library | action=commit
2025-04-19 10:08:00 | DEBUG | repo=Web_Library | action=commit
2025-12-24 07:06:00 | DEBUG | repo=Web_Library | action=commit
2025-12-13 17:38:00 | INFO | repo=Web_Library | action=commit
2025-01-12 19:25:00 | WARN | repo=Web_Library | action=pull
2025-12-13 20:45:00 | INFO | repo=Web_Library | action=commit
2025-11-20 07:07:00 | INFO | repo=Web_Library | action=commit
2025-02-26 08:19:00 | WARN | repo=Web_Library | action=commit
2025-08-04 08:40:00 | WARN | repo=Web_Library | action=commit
2025-07-21 11:09:00 | INFO | repo=Web_Library | action=commit
2025-02-07 15:43:00 | INFO | repo=Web_Library | action=pull
2025-07-27 16:41:00 | INFO | repo=Web_Library | action=commit
2025-05-05 15:15:00 | WARN | repo=Web_Library | action=commit
2025-02-12 19:00:00 | INFO | repo=Web_Library | action=edit | files=4
2025-12-14 07:25:00 | DEBUG | repo=Web_Library | action=commit
2025-12-13 21:04:00 | INFO | repo=Web_Library | action=pull
2025-10-11 08:05:00 | DEBUG | repo=Web_Library | action=commit
2025-01-26 13:30:00 | DEBUG | repo=Web_Library | action=test | passed=true
2025-05-17 08:30:00 | WARN | repo=Web_Library | action=pull
2025-10-17 13:25:00 | WARN | repo=Web_Library | action=commit
2025-07-08 07:23:00 | INFO | repo=Web_Library | action=edit | files=2
2025-12-12 16:06:00 | INFO | repo=Web_Library | action=test | passed=true
2025-01-03 15:24:00 | DEBUG | repo=Web_Library | action=test | passed=true
2025-07-08 18:08:00 | DEBUG | repo=Web_Library | action=edit | files=3
2025-08-25 21:24:00 | DEBUG | repo=Web_Library | action=test | passed=true
2025-04-14 12:40:00 | WARN | repo=Web_Library | action=commit
2025-11-13 07:58:00 | WARN | repo=Web_Library | action=test | passed=true
2025-06-21 15:15:00 | DEBUG | repo=Web_Library | action=commit
2025-11-12 19:13:00 | DEBUG | repo=Web_Library | action=edit | files=2
2025-07-18 08:44:00 | DEBUG | repo=Web_Library | action=commit
2025-06-18 12:14:00 | DEBUG | repo=Web_Library | action=test | passed=true
2025-10-10 09:03:00 | WARN | repo=Web_Library | action=commit
2025-03-26 19:50:00 | DEBUG | repo=Web_Library | action=commit
2025-04-11 15:32:00 | DEBUG | repo=Web_Library | action=commit
2025-09-15 11:47:00 | INFO | repo=Web_Library | action=pull
2025-11-10 14:45:00 | WARN | repo=Web_Library | action=commit
2025-01-27T19:25:00 | nonce=1887057486703706451
2025-08-05T17:28:00 | nonce=13397819335514630838
2025-09-16T15:37:00 | nonce=1839006827278318892
2025-08-22T12:00:00 | nonce=3186190581662129298
2025-09-14T15:50:00 | nonce=13121593158836718965
2025-05-12T09:51:00 | nonce=15068236975040827270
2025-01-23T10:11:00 | nonce=7852652642735483900
2025-06-24T11:34:00 | nonce=5750050591953571312
2025-11-11T19:23:00 | nonce=10964296710493710414
2025-11-29T19:21:00 | nonce=4787947206140117106
2025-12-16T16:09:00 | nonce=11395730999973827680
2025-12-29T17:17:00 | nonce=12992086562416476676
2025-08-10T12:12:00 | nonce=7877827707493458781
2025-05-17T15:16:00 | nonce=5299528252614648441
2025-08-16T17:16:00 | nonce=15394224487203060194
2025-11-03T20:57:00 | nonce=8804803691604943030
2025-10-21T14:12:00 | nonce=7104901308258096729
2025-10-15T16:29:00 | nonce=11791896536924429453
2025-07-19T17:14:00 | nonce=16252826936212861233
2025-10-14T20:24:00 | nonce=2883569173797615390
2025-01-21T20:06:00 | nonce=7144405106763493731
2025-01-31T16:54:00 | nonce=11233875045553997518
2025-10-31T12:24:00 | nonce=18022882760029732966
2025-12-24T14:50:00 | nonce=13394340167612066742
2025-08-02T10:28:00 | nonce=14931259360473749567
2025-11-19T10:38:00 | nonce=662753996961901637
2025-03-27T18:15:00 | nonce=13346023172182307258
2025-08-05T10:42:00 | nonce=14856014734730273768
2025-10-13T18:21:00 | nonce=3189485387642827411
2025-01-09T11:30:00 | nonce=8384575206187422951
2025-02-13T16:25:00 | nonce=412785072069769250
2025-02-23T13:55:00 | nonce=77929179070628175
2025-12-08T11:32:00 | nonce=8545571474573490987
2025-10-04T14:39:00 | nonce=18400160052123887482
2025-09-07T09:50:00 | nonce=16120912739819393149
2025-02-14T13:59:00 | nonce=9777754191037845369
2025-11-12T14:20:00 | nonce=13818924260858509948
2025-01-15T09:48:00 | nonce=12069270098086275286
2025-08-09T10:38:00 | nonce=10039476975636633626
2025-03-27T18:55:00 | nonce=8403617057504880396
2025-09-21T15:01:00 | nonce=12115617381263656925
2025-03-04T15:57:00 | nonce=14115109362729189283
2025-03-06T12:56:00 | nonce=4492683574104070906
2025-03-18T11:02:00 | nonce=7201678508347019192
2025-04-01T12:27:00 | nonce=1186969241968440972
2025-09-09T16:41:00 | nonce=8657667237587936797
2025-09-14T14:50:00 | nonce=8130480205417096628
2025-10-05T14:01:00 | nonce=12588415039950306378
2025-03-19T11:10:00 | nonce=4947071944511567484
2025-01-28T14:06:00 | nonce=2756904486626122716
2025-12-01T18:13:00 | nonce=15509958684117681037
2025-07-16T12:45:00 | nonce=10124955939483158848
2025-08-14T14:22:00 | nonce=10581207739693569124
2025-06-24T10:18:00 | nonce=5989940420693201749
2025-02-22T11:14:00 | nonce=14455627887899783769
2025-02-17T13:43:00 | nonce=17482612241395409571
2025-01-22T14:26:00 | nonce=13702451701186101573
